FILE_TYPE=LIBRARY_PARTS;
PRIMITIVE 'GW_JELMS1.EM_H2H6_XX55_1_65_R33','GW_JELMS1.EM_H2H6_XX55_1_65_R33_Other';
  PIN
    'K':
      PIN_NUMBER='(1)';
      NO_LOAD_CHECK=BOTH;
      NO_IO_CHECK=BOTH;
      ALLOW_CONNECT=TRUE;
      PINUSE='UNSPEC';
    'A':
      PIN_NUMBER='(2)';
      NO_LOAD_CHECK=BOTH;
      NO_IO_CHECK=BOTH;
      ALLOW_CONNECT=TRUE;
      PINUSE='UNSPEC';
  END_PIN;
  BODY
    PART_NAME='GW_JELMS1.EM_H2H6_XX55_1_65_R33';
    PHYS_DES_PREFIX='LED';
    NO_LOAD_CHECK='TRUE';
    PIN_COUNT='2';
    BODY_NAME='GW_JELMS1.EM_H2H6_XX55_1_65_R33';
    JEDEC_TYPE='GWJELMS1EMH2H6XX55165R33';
  END_BODY;
END_PRIMITIVE;
END.
